<?xml version="1.0" encoding="UTF-8"?>
<!-- Generated by org.testng.reporters.JUnitXMLReporter -->
<testsuite hostname="D9075CQ1" ignored="0" name="Default test" tests="4" failures="0" timestamp="19 Oct 2018 05:33:07 GMT" time="62.088" errors="0">
  <testcase name="test" time="0.054" classname="TestMvn.TestMvn.LoginTest"/>
  <testcase name="aboutusPageTest" time="1.922" classname="TestMvn.TestMvn.LoginTest"/>
  <testcase name="technologiesPageTest" time="0.96" classname="TestMvn.TestMvn.LoginTest"/>
  <testcase name="sapPageTest" time="2.238" classname="TestMvn.TestMvn.LoginTest"/>
</testsuite> <!-- Default test -->
