<?xml version="1.0" encoding="UTF-8"?>
<testng-results skipped="0" failed="1" ignored="0" total="4" passed="3">
  <reporter-output>
  </reporter-output>
  <suite name="Suite" duration-ms="116039" started-at="2018-10-19T05:52:04Z" finished-at="2018-10-19T05:54:00Z">
    <groups>
    </groups>
    <test name="Test" duration-ms="116039" started-at="2018-10-19T05:52:04Z" finished-at="2018-10-19T05:54:00Z">
      <class name="TestMvn.TestMvn.LoginTest">
        <test-method status="PASS" signature="setUp()[pri:0, instance:TestMvn.TestMvn.LoginTest@7c417213]" name="setUp" is-config="true" duration-ms="22307" started-at="2018-10-19T11:22:04Z" finished-at="2018-10-19T11:22:27Z">
          <reporter-output>
          </reporter-output>
        </test-method> <!-- setUp -->
        <test-method status="PASS" signature="test()[pri:0, instance:TestMvn.TestMvn.LoginTest@7c417213]" name="test" duration-ms="8" started-at="2018-10-19T11:22:27Z" finished-at="2018-10-19T11:22:27Z">
          <reporter-output>
          </reporter-output>
        </test-method> <!-- test -->
        <test-method status="PASS" signature="tearDown()[pri:0, instance:TestMvn.TestMvn.LoginTest@7c417213]" name="tearDown" is-config="true" duration-ms="776" started-at="2018-10-19T11:22:27Z" finished-at="2018-10-19T11:22:27Z">
          <reporter-output>
          </reporter-output>
        </test-method> <!-- tearDown -->
        <test-method status="PASS" signature="setUp()[pri:0, instance:TestMvn.TestMvn.LoginTest@7c417213]" name="setUp" is-config="true" duration-ms="19063" started-at="2018-10-19T11:22:27Z" finished-at="2018-10-19T11:22:47Z">
          <reporter-output>
          </reporter-output>
        </test-method> <!-- setUp -->
        <test-method status="PASS" signature="aboutusPageTest()[pri:1, instance:TestMvn.TestMvn.LoginTest@7c417213]" name="aboutusPageTest" duration-ms="2519" started-at="2018-10-19T11:22:47Z" finished-at="2018-10-19T11:22:49Z">
          <reporter-output>
          </reporter-output>
        </test-method> <!-- aboutusPageTest -->
        <test-method status="PASS" signature="tearDown()[pri:0, instance:TestMvn.TestMvn.LoginTest@7c417213]" name="tearDown" is-config="true" duration-ms="499" started-at="2018-10-19T11:22:49Z" finished-at="2018-10-19T11:22:50Z">
          <reporter-output>
          </reporter-output>
        </test-method> <!-- tearDown -->
        <test-method status="PASS" signature="setUp()[pri:0, instance:TestMvn.TestMvn.LoginTest@7c417213]" name="setUp" is-config="true" duration-ms="20041" started-at="2018-10-19T11:22:50Z" finished-at="2018-10-19T11:23:10Z">
          <reporter-output>
          </reporter-output>
        </test-method> <!-- setUp -->
        <test-method status="PASS" signature="technologiesPageTest()[pri:3, instance:TestMvn.TestMvn.LoginTest@7c417213]" name="technologiesPageTest" duration-ms="1134" started-at="2018-10-19T11:23:10Z" finished-at="2018-10-19T11:23:11Z">
          <reporter-output>
          </reporter-output>
        </test-method> <!-- technologiesPageTest -->
        <test-method status="PASS" signature="tearDown()[pri:0, instance:TestMvn.TestMvn.LoginTest@7c417213]" name="tearDown" is-config="true" duration-ms="557" started-at="2018-10-19T11:23:11Z" finished-at="2018-10-19T11:23:11Z">
          <reporter-output>
          </reporter-output>
        </test-method> <!-- tearDown -->
        <test-method status="PASS" signature="setUp()[pri:0, instance:TestMvn.TestMvn.LoginTest@7c417213]" name="setUp" is-config="true" duration-ms="15083" started-at="2018-10-19T11:23:11Z" finished-at="2018-10-19T11:23:26Z">
          <reporter-output>
          </reporter-output>
        </test-method> <!-- setUp -->
        <test-method status="FAIL" signature="sapPageTest()[pri:4, instance:TestMvn.TestMvn.LoginTest@7c417213]" name="sapPageTest" duration-ms="33328" started-at="2018-10-19T11:23:26Z" finished-at="2018-10-19T11:24:00Z">
          <exception class="org.openqa.selenium.TimeoutException">
            <message>
              <![CDATA[Expected condition failed: waiting for visibility of [[ChromeDriver: chrome on XP (b626c78e7cc5991741eee4a755b3735f)] -> xpath: //a[text()='SAP Expertise']] (tried for 30 second(s) with 500 milliseconds interval)
Build info: version: '3.14.0', revision: 'aacccce0', time: '2018-08-02T20:05:20.749Z'
System info: host: 'D9075CQ1', ip: '192.168.162.130', os.name: 'Windows 10', os.arch: 'amd64', os.version: '10.0', java.version: '1.8.0_171'
Driver info: org.openqa.selenium.chrome.ChromeDriver
Capabilities {acceptInsecureCerts: false, acceptSslCerts: false, applicationCacheEnabled: false, browserConnectionEnabled: false, browserName: chrome, chrome: {chromedriverVersion: 2.41.578737 (49da6702b16031..., userDataDir: C:\Users\6867\AppData\Local...}, cssSelectorsEnabled: true, databaseEnabled: false, goog:chromeOptions: {debuggerAddress: localhost:52266}, handlesAlerts: true, hasTouchScreen: false, javascriptEnabled: true, locationContextEnabled: true, mobileEmulationEnabled: false, nativeEvents: true, networkConnectionEnabled: false, pageLoadStrategy: normal, platform: XP, platformName: XP, rotatable: false, setWindowRect: true, takesHeapSnapshot: true, takesScreenshot: true, unexpectedAlertBehaviour: , unhandledPromptBehavior: , version: 67.0.3396.87, webStorageEnabled: true}
Session ID: b626c78e7cc5991741eee4a755b3735f]]>
            </message>
            <full-stacktrace>
              <![CDATA[org.openqa.selenium.TimeoutException: Expected condition failed: waiting for visibility of [[ChromeDriver: chrome on XP (b626c78e7cc5991741eee4a755b3735f)] -> xpath: //a[text()='SAP Expertise']] (tried for 30 second(s) with 500 milliseconds interval)
Build info: version: '3.14.0', revision: 'aacccce0', time: '2018-08-02T20:05:20.749Z'
System info: host: 'D9075CQ1', ip: '192.168.162.130', os.name: 'Windows 10', os.arch: 'amd64', os.version: '10.0', java.version: '1.8.0_171'
Driver info: org.openqa.selenium.chrome.ChromeDriver
Capabilities {acceptInsecureCerts: false, acceptSslCerts: false, applicationCacheEnabled: false, browserConnectionEnabled: false, browserName: chrome, chrome: {chromedriverVersion: 2.41.578737 (49da6702b16031..., userDataDir: C:\Users\6867\AppData\Local...}, cssSelectorsEnabled: true, databaseEnabled: false, goog:chromeOptions: {debuggerAddress: localhost:52266}, handlesAlerts: true, hasTouchScreen: false, javascriptEnabled: true, locationContextEnabled: true, mobileEmulationEnabled: false, nativeEvents: true, networkConnectionEnabled: false, pageLoadStrategy: normal, platform: XP, platformName: XP, rotatable: false, setWindowRect: true, takesHeapSnapshot: true, takesScreenshot: true, unexpectedAlertBehaviour: , unhandledPromptBehavior: , version: 67.0.3396.87, webStorageEnabled: true}
Session ID: b626c78e7cc5991741eee4a755b3735f
	at org.openqa.selenium.support.ui.WebDriverWait.timeoutException(WebDriverWait.java:113)
	at org.openqa.selenium.support.ui.FluentWait.until(FluentWait.java:283)
	at TestMvn.Base.explicitWait(Base.java:16)
	at TestMvn.TestMvn.LoginTest.sapPageTest(LoginTest.java:64)
	at sun.reflect.NativeMethodAccessorImpl.invoke0(Native Method)
	at sun.reflect.NativeMethodAccessorImpl.invoke(Unknown Source)
	at sun.reflect.DelegatingMethodAccessorImpl.invoke(Unknown Source)
	at java.lang.reflect.Method.invoke(Unknown Source)
	at org.testng.internal.MethodInvocationHelper.invokeMethod(MethodInvocationHelper.java:104)
	at org.testng.internal.Invoker.invokeMethod(Invoker.java:645)
	at org.testng.internal.Invoker.invokeTestMethod(Invoker.java:851)
	at org.testng.internal.Invoker.invokeTestMethods(Invoker.java:1177)
	at org.testng.internal.TestMethodWorker.invokeTestMethods(TestMethodWorker.java:129)
	at org.testng.internal.TestMethodWorker.run(TestMethodWorker.java:112)
	at org.testng.TestRunner.privateRun(TestRunner.java:756)
	at org.testng.TestRunner.run(TestRunner.java:610)
	at org.testng.SuiteRunner.runTest(SuiteRunner.java:387)
	at org.testng.SuiteRunner.runSequentially(SuiteRunner.java:382)
	at org.testng.SuiteRunner.privateRun(SuiteRunner.java:340)
	at org.testng.SuiteRunner.run(SuiteRunner.java:289)
	at org.testng.SuiteRunnerWorker.runSuite(SuiteRunnerWorker.java:52)
	at org.testng.SuiteRunnerWorker.run(SuiteRunnerWorker.java:86)
	at org.testng.TestNG.runSuitesSequentially(TestNG.java:1293)
	at org.testng.TestNG.runSuitesLocally(TestNG.java:1218)
	at org.testng.TestNG.runSuites(TestNG.java:1133)
	at org.testng.TestNG.run(TestNG.java:1104)
	at org.testng.remote.AbstractRemoteTestNG.run(AbstractRemoteTestNG.java:114)
	at org.testng.remote.RemoteTestNG.initAndRun(RemoteTestNG.java:251)
	at org.testng.remote.RemoteTestNG.main(RemoteTestNG.java:77)
]]>
            </full-stacktrace>
          </exception> <!-- org.openqa.selenium.TimeoutException -->
          <reporter-output>
          </reporter-output>
        </test-method> <!-- sapPageTest -->
        <test-method status="PASS" signature="tearDown()[pri:0, instance:TestMvn.TestMvn.LoginTest@7c417213]" name="tearDown" is-config="true" duration-ms="623" started-at="2018-10-19T11:24:00Z" finished-at="2018-10-19T11:24:00Z">
          <reporter-output>
          </reporter-output>
        </test-method> <!-- tearDown -->
      </class> <!-- TestMvn.TestMvn.LoginTest -->
    </test> <!-- Test -->
  </suite> <!-- Suite -->
</testng-results>
